2013/10/04 15:12:04 [error] [exception.CDbException] exception 'CDbException' with message 'CDbConnection failed to open the DB connection: SQLSTATE[28000] [1045] Access denied for user 'root'@'localhost' (using password: NO)' in /Applications/MAMP/htdocs/dev/app/yii/framework/db/CDbConnection.php:382
Stack trace:
#0 /Applications/MAMP/htdocs/dev/app/yii/framework/db/CDbConnection.php(330): CDbConnection->open()
#1 /Applications/MAMP/htdocs/dev/app/yii/framework/db/CDbConnection.php(308): CDbConnection->setActive(true)
#2 /Applications/MAMP/htdocs/dev/app/yii/framework/base/CModule.php(387): CDbConnection->init()
#3 /Applications/MAMP/htdocs/dev/app/yii/framework/base/CModule.php(103): CModule->getComponent('db')
#4 /Applications/MAMP/htdocs/dev/app/yii/framework/gii/generators/model/ModelCode.php(60): CModule->__get('db')
#5 /Applications/MAMP/htdocs/dev/app/yii/framework/web/CFormModel.php(39): ModelCode->init()
#6 /Applications/MAMP/htdocs/dev/app/yii/framework/gii/CCodeGenerator.php(153): CFormModel->__construct()
#7 /Applications/MAMP/htdocs/dev/app/yii/framework/gii/CCodeGenerator.php(63): CCodeGenerator->prepare()
#8 /Applications/MAMP/htdocs/dev/app/yii/framework/web/actions/CInlineAction.php(49): CCodeGenerator->actionIndex()
#9 /Applications/MAMP/htdocs/dev/app/yii/framework/web/CController.php(308): CInlineAction->runWithParams(Array)
#10 /Applications/MAMP/htdocs/dev/app/yii/framework/web/CController.php(286): CController->runAction(Object(CInlineAction))
#11 /Applications/MAMP/htdocs/dev/app/yii/framework/web/CController.php(265): CController->runActionWithFilters(Object(CInlineAction), Array)
#12 /Applications/MAMP/htdocs/dev/app/yii/framework/web/CWebApplication.php(282): CController->run('index')
#13 /Applications/MAMP/htdocs/dev/app/yii/framework/web/CWebApplication.php(141): CWebApplication->runController('gii/model/index')
#14 /Applications/MAMP/htdocs/dev/app/yii/framework/base/CApplication.php(180): CWebApplication->processRequest()
#15 /Applications/MAMP/htdocs/dev/app/suscripcion/index.php(13): CApplication->run()
#16 {main}
REQUEST_URI=/dev/app/suscripcion/index.php?r=gii/model/index
HTTP_REFERER=http://localhost/dev/app/suscripcion/index.php?r=gii/default/index
---
2013/10/04 15:18:39 [error] [exception.CHttpException.404] exception 'CHttpException' with message 'Unable to resolve the request "persona/admin".' in /Applications/MAMP/htdocs/dev/app/yii/framework/web/CWebApplication.php:286
Stack trace:
#0 /Applications/MAMP/htdocs/dev/app/yii/framework/web/CWebApplication.php(141): CWebApplication->runController('persona/admin')
#1 /Applications/MAMP/htdocs/dev/app/yii/framework/base/CApplication.php(180): CWebApplication->processRequest()
#2 /Applications/MAMP/htdocs/dev/app/suscripcion/index.php(13): CApplication->run()
#3 {main}
REQUEST_URI=/dev/app/suscripcion/index.php?r=persona/admin
---
